<?xml version="1.0" encoding="UTF-8"?>
<!-- Generated by org.testng.reporters.JUnitReportReporter -->
<testsuite skipped="7" hostname="Fighter-PC" name="test.HomepageTestPS" tests="8" failures="0" timestamp="06 Nov 2019 11:44:07 GMT" time="272.010" errors="0">
  <testcase name="removeProducts" time="272.010" classname="test.HomepageTestPS"/>
  <testcase name="checkCouponAmount" classname="test.HomepageTestPS">
    <skipped/>
  </testcase> <!-- checkCouponAmount -->
  <testcase name="checkoutTestwithCoupon" classname="test.HomepageTestPS">
    <skipped/>
  </testcase> <!-- checkoutTestwithCoupon -->
  <testcase name="addtoCartCheck" classname="test.HomepageTestPS">
    <skipped/>
  </testcase> <!-- addtoCartCheck -->
  <testcase name="stockCountCheckExcess" classname="test.HomepageTestPS">
    <skipped/>
  </testcase> <!-- stockCountCheckExcess -->
  <testcase name="checkArrivalCount" classname="test.HomepageTestPS">
    <skipped/>
  </testcase> <!-- checkArrivalCount -->
  <testcase name="stockCountCheck" classname="test.HomepageTestPS">
    <skipped/>
  </testcase> <!-- stockCountCheck -->
  <testcase name="checkoutTest" classname="test.HomepageTestPS">
    <skipped/>
  </testcase> <!-- checkoutTest -->
</testsuite> <!-- test.HomepageTestPS -->
