<?xml version="1.0" encoding="UTF-8"?>
<!-- Generated by org.testng.reporters.JUnitReportReporter -->
<testsuite skipped="0" hostname="Fighter-PC" name="test.codingChallenge" tests="1" failures="0" timestamp="17 Jun 2019 18:12:45 GMT" time="117.935" errors="0">
  <testcase name="searchProperty" time="117.935" classname="test.codingChallenge"/>
</testsuite> <!-- test.codingChallenge -->
