<?xml version="1.0" encoding="UTF-8"?>
<!-- Generated by org.testng.reporters.JUnitReportReporter -->
<testsuite skipped="1" hostname="Fighter-PC" name="test.TestForInterviewSimple" tests="1" failures="0" timestamp="23 Nov 2019 05:54:29 GMT" time="0.000" errors="0">
  <testcase name="testDataLogin" time="0.000" classname="test.TestForInterviewSimple">
    <skipped/>
  </testcase> <!-- testDataLogin -->
</testsuite> <!-- test.TestForInterviewSimple -->
