<?xml version="1.0" encoding="UTF-8"?>
<!-- Generated by org.testng.reporters.JUnitReportReporter -->
<testsuite skipped="0" hostname="Fighter-PC" name="test.ExplicitWait" tests="1" failures="0" timestamp="19 Jul 2019 08:20:28 GMT" time="1.004" errors="0">
  <testcase name="testWait" time="1.004" classname="test.ExplicitWait"/>
</testsuite> <!-- test.ExplicitWait -->
