<?xml version="1.0" encoding="UTF-8"?>
<!-- Generated by org.testng.reporters.JUnitReportReporter -->
<testsuite skipped="0" hostname="Fighter-PC" name="test.LoginTestCRM" tests="1" failures="0" timestamp="24 Jul 2019 18:17:38 GMT" time="24.460" errors="0">
  <testcase name="logintest" time="24.460" classname="test.LoginTestCRM"/>
</testsuite> <!-- test.LoginTestCRM -->
