<?xml version="1.0" encoding="UTF-8"?>
<!-- Generated by org.testng.reporters.JUnitReportReporter -->
<testsuite skipped="0" hostname="Fighter-PC" name="test.JavaScriptAlertTest" tests="3" failures="0" timestamp="03 Jul 2019 07:59:43 GMT" time="42.538" errors="0">
  <testcase name="alertTest3" time="12.475" classname="test.JavaScriptAlertTest"/>
  <testcase name="alertTest2" time="15.654" classname="test.JavaScriptAlertTest"/>
  <testcase name="alertTest" time="14.409" classname="test.JavaScriptAlertTest"/>
</testsuite> <!-- test.JavaScriptAlertTest -->
