<?xml version="1.0" encoding="UTF-8"?>
<!-- Generated by org.testng.reporters.JUnitReportReporter -->
<testsuite skipped="0" hostname="Fighter-PC" name="test.TableTest" tests="1" failures="0" timestamp="06 Jul 2019 03:37:20 GMT" time="10.069" errors="0">
  <testcase name="tableTest" time="10.069" classname="test.TableTest"/>
</testsuite> <!-- test.TableTest -->
