<?xml version="1.0" encoding="UTF-8"?>
<!-- Generated by org.testng.reporters.JUnitReportReporter -->
<testsuite skipped="0" hostname="Fighter-PC" name="test.XmlTest" tests="3" failures="0" timestamp="19 Nov 2019 12:45:58 GMT" time="38.291" errors="0">
  <testcase name="testlogin1" time="10.874" classname="test.XmlTest"/>
  <testcase name="testlogin3" time="16.731" classname="test.XmlTest"/>
  <testcase name="testlogin4" time="10.686" classname="test.XmlTest"/>
</testsuite> <!-- test.XmlTest -->
