<?xml version="1.0" encoding="UTF-8"?>
<!-- Generated by org.testng.reporters.JUnitReportReporter -->
<testsuite skipped="0" hostname="Fighter-PC" name="test.RadioButtonTest" tests="1" failures="0" timestamp="07 May 2019 07:59:26 GMT" time="14.227" errors="0">
  <testcase name="testRadioButton" time="14.227" classname="test.RadioButtonTest"/>
</testsuite> <!-- test.RadioButtonTest -->
