<?xml version="1.0" encoding="UTF-8"?>
<!-- Generated by org.testng.reporters.JUnitReportReporter -->
<testsuite skipped="1" hostname="Fighter-PC" name="test.WindowPopupTest" tests="2" failures="0" timestamp="28 Nov 2019 10:28:41 GMT" time="22.550" errors="0">
  <testcase name="alertTest" time="22.550" classname="test.WindowPopupTest"/>
  <testcase name="BSCalender" classname="test.WindowPopupTest">
    <skipped/>
  </testcase> <!-- BSCalender -->
</testsuite> <!-- test.WindowPopupTest -->
