<?xml version="1.0" encoding="UTF-8"?>
<!-- Generated by org.testng.reporters.JUnitReportReporter -->
<testsuite skipped="0" hostname="Fighter-PC" name="test.DataDrivenTestTrial" tests="1" failures="0" timestamp="11 Jun 2019 08:55:34 GMT" time="33.980" errors="0">
  <testcase name="loginTest" time="33.980" classname="test.DataDrivenTestTrial"/>
</testsuite> <!-- test.DataDrivenTestTrial -->
