<?xml version="1.0" encoding="UTF-8"?>
<!-- Generated by org.testng.reporters.JUnitReportReporter -->
<testsuite skipped="0" hostname="Fighter-PC" name="test.ConatcPageTestCRM" tests="2" failures="0" timestamp="17 May 2019 16:33:38 GMT" time="121.213" errors="0">
  <testcase name="testselectSocialChannel" time="101.632" classname="test.ConatcPageTestCRM"/>
  <testcase name="addNewContact" time="19.581" classname="test.ConatcPageTestCRM"/>
</testsuite> <!-- test.ConatcPageTestCRM -->
