<?xml version="1.0" encoding="UTF-8"?>
<!-- Generated by org.testng.reporters.JUnitReportReporter -->
<testsuite skipped="4" hostname="Fighter-PC" name="test.RandomTest" tests="5" failures="0" timestamp="23 Jul 2019 08:59:58 GMT" time="2.364" errors="0">
  <testcase name="emi" time="2.364" classname="test.RandomTest"/>
  <testcase name="windowPopUp" classname="test.RandomTest">
    <skipped/>
  </testcase> <!-- windowPopUp -->
  <testcase name="selectCheckBox" classname="test.RandomTest">
    <skipped/>
  </testcase> <!-- selectCheckBox -->
  <testcase name="alertCheck" classname="test.RandomTest">
    <skipped/>
  </testcase> <!-- alertCheck -->
  <testcase name="checkDifferernt" classname="test.RandomTest">
    <skipped/>
  </testcase> <!-- checkDifferernt -->
</testsuite> <!-- test.RandomTest -->
