<?xml version="1.0" encoding="UTF-8"?>
<!-- Generated by org.testng.reporters.JUnitReportReporter -->
<testsuite skipped="0" hostname="Fighter-PC" name="test.BSAlertTest" tests="1" failures="0" timestamp="03 Jul 2019 08:08:27 GMT" time="14.870" errors="0">
  <testcase name="alertTest" time="14.870" classname="test.BSAlertTest"/>
</testsuite> <!-- test.BSAlertTest -->
